commit 2ffead1fcac70846b7cc60bd6ec6f2cbda5a3abf
Author: mrmeman555 <aaron.reveley65@gmail.com>
Date:   Fri Feb 6 00:34:29 2026 -0600

    PRE-ARCHIVIST STATE CAPTURE: Full workspace state before Case Study Archivist execution
    
    Evidence preservation commit. Everything in this commit and prior represents
    the 'before' state. All subsequent commits from the Archivist agent are 'after.'
    
    Includes:
    - Net+ Agent transcript (2026-02-06_04-10Z-runtime-grounding-sequence.md)
    - ML OS Architect transcript (2026-02-06_02-03Z-ml-framework-system-architect-agent.md)
    - Meta Agent transcript updates (2026-02-03_01-57Z)
    - Agent plan (net+_agent_grounding_7bf30537.plan.md)
    - All Net+ Agent output (3D_Mapping_Table, MetaPrompt, NetPlus-Cognitive-Protocol, etc.)
    - Sprint_Meta ML OS consolidation (moves/deletes)
    - Sprint_ML_OS_Architect working files

 .../01_The_Verb_Cipher/Protocol.md                 |  159 +
 .../02_The_Dependency_Map/Skill_Trees.md           |  186 +
 .../Troubleshooting_Vectors.md                     |  202 +
 .../03_The_Matrices/3D_Mapping_Table.md            |  121 +
 .../04_Tools_and_Scripts/Deep_Research_Prompts.md  |   87 +
 .../NetPlus-Cognitive-Protocol/LICENSE             |   21 +
 .../NetPlus-Cognitive-Protocol/README.md           |  103 +
 Projects/Working0/Active/Sprint_NetPlus/PROBLEM.md |   58 +-
 .../Materials/Plans/Net+_Logos_grounding_Plan.md   |  226 +
 .../Gemini_Logos_Transcript.md                     | 4472 ++++++++++++++++++++
 .../RoadmapAnalysis/3D_Mapping_Table.md            |  308 ++
 .../RoadmapAnalysis/MetaPrompt_3D_Mapping.md       |  248 ++
 .../System_Integration_Brainstorm.md               |  275 ++
 .../RoadmapAnalysis/Tools/truncate_transcript.py   |   26 +
 14 files changed, 6474 insertions(+), 18 deletions(-)

commit 094d6a75dd6b345bfab855e395fcf982000742a2
Author: mrmeman555 <aaron.reveley65@gmail.com>
Date:   Wed Feb 4 22:25:37 2026 -0600

    Checkpoint: Working Control Surface and Task Engine (v1.0)

 Projects/Working0/Active/Sprint_NetPlus/PROBLEM.md | 22 +++++++++++-----------
 1 file changed, 11 insertions(+), 11 deletions(-)

commit 892985ebb37f74d742c17c2b9d2c91a5c4882724
Author: mrmeman555 <aaron.reveley65@gmail.com>
Date:   Sun Feb 1 16:29:14 2026 -0600

    Workspace: Sync Net+ Refactor, New PoE/Gigwork Sprints, and Protocol Updates

 Projects/Working0/Active/Sprint_NetPlus/PROBLEM.md |  58 +-
 .../Cengage_Materials/Tools/inspect_appendices.py  |  23 +
 .../Materials/Scrap0/geminiTranscript0_2-1-26.md   | 669 +++++++++++++++++++++
 .../Objective_Architecture_Brainstorming.md        |  41 --
 .../Strategic_Blueprints/00_Concept_Inventory.md   |  77 +++
 .../01_Protocol_The_Verb_Cipher.md                 |   0
 .../Brainstorming_Analysis_Strategy.md             |  17 +
 .../Objective_Architecture_Brainstorming.md        |  97 +++
 .../System_Integration_Brainstorm.md               |   1 +
 .../RoadmapAnalysis/Tools/extract_objectives.py    |  67 +++
 10 files changed, 998 insertions(+), 52 deletions(-)

commit 36b2c5e82487cede24042b7d4cb062fe4975dd60
Author: mrmeman555 <aaron.reveley65@gmail.com>
Date:   Sun Feb 1 15:18:20 2026 -0600

    Fix bugs in bridge script and review extractor

 .../Materials/Cengage_Materials/Tools/extract_reviews.py                | 2 +-
 1 file changed, 1 insertion(+), 1 deletion(-)

commit db9a189440d11bd482184cc6b5f32e70467194d8
Author: mrmeman555 <aaron.reveley65@gmail.com>
Date:   Sun Feb 1 12:02:35 2026 -0600

    fix(netplus): correct path to slice_pdf.py in review extractor script

 .../Materials/Cengage_Materials/Tools/extract_reviews.py                | 2 +-
 1 file changed, 1 insertion(+), 1 deletion(-)

commit 83eb61d188f6319dc85f7c37b915a08551fb0905
Author: mrmeman555 <aaron.reveley65@gmail.com>
Date:   Sun Feb 1 11:59:44 2026 -0600

    feat(netplus): init objective architecture brainstorming file

 Projects/Working0/Active/Sprint_NetPlus/PROBLEM.md |  3 +-
 .../Objective_Architecture_Brainstorming.md        | 41 ++++++++++++++++++++++
 2 files changed, 43 insertions(+), 1 deletion(-)

commit 7b11e4826c21deaf78bacf0cb6cf6340660b30d3
Author: mrmeman555 <aaron.reveley65@gmail.com>
Date:   Sun Feb 1 11:18:54 2026 -0600

    feat(netplus): add question bank analysis task to roadmap

 Projects/Working0/Active/Sprint_NetPlus/PROBLEM.md | 1 +
 1 file changed, 1 insertion(+)

commit 7bdbe53e846544896ff8c60c456a7e474028ba01
Author: mrmeman555 <aaron.reveley65@gmail.com>
Date:   Sun Feb 1 11:16:30 2026 -0600

    chore(netplus): mark CTT+ methodology task as complete

 Projects/Working0/Active/Sprint_NetPlus/PROBLEM.md | 2 +-
 1 file changed, 1 insertion(+), 1 deletion(-)

commit 6cc4d6fc0f5f86992c7e0c85ccc3594791fc811b
Author: mrmeman555 <aaron.reveley65@gmail.com>
Date:   Sun Feb 1 11:11:35 2026 -0600

    refactor(netplus): streamline PROBLEM.md with new analysis strategies

 Projects/Working0/Active/Sprint_NetPlus/PROBLEM.md | 38 ++++++++--------------
 1 file changed, 14 insertions(+), 24 deletions(-)

commit a3f9cc69b37cd7135b360f58bb6ac956396a036a
Author: mrmeman555 <aaron.reveley65@gmail.com>
Date:   Sun Feb 1 10:59:38 2026 -0600

    feat(netplus): document Dynamic Lens Inference strategy

 .../RoadmapAnalysis/Brainstorming_Analysis_Strategy.md      | 13 ++++++++++++-
 1 file changed, 12 insertions(+), 1 deletion(-)

commit 30cc00c2c4c21e079df4a42b3f8edd26cc55986d
Author: mrmeman555 <aaron.reveley65@gmail.com>
Date:   Sun Feb 1 10:51:10 2026 -0600

    feat(netplus): update extraction strategy example with concrete matrix

 .../Brainstorming_Analysis_Strategy.md             | 34 +++++++---------------
 1 file changed, 10 insertions(+), 24 deletions(-)

commit 56922691f1ca721a4b606c561bcb7235b4af4d94
Author: mrmeman555 <aaron.reveley65@gmail.com>
Date:   Sun Feb 1 10:49:09 2026 -0600

    feat(netplus): add Faceted Knowledge Matrix strategy to brainstorming

 .../RoadmapAnalysis/Brainstorming_Analysis_Strategy.md   | 16 ++++++++++++++++
 1 file changed, 16 insertions(+)

commit c94ab184d74bef0cd99d01eb70c70ae21c4a1116
Author: mrmeman555 <aaron.reveley65@gmail.com>
Date:   Sun Feb 1 10:42:39 2026 -0600

    feat(netplus): add Objective-Centric Extraction strategy to brainstorming

 .../Brainstorming_Analysis_Strategy.md             | 35 ++++++++++++++++++++++
 1 file changed, 35 insertions(+)

commit 029d8680d979c74a07a2750e4596930100f7c81e
Author: mrmeman555 <aaron.reveley65@gmail.com>
Date:   Sun Feb 1 10:01:16 2026 -0600

    fix(netplus): align Level 2 verbs in PROBLEM.md with Protocol Document

 Projects/Working0/Active/Sprint_NetPlus/PROBLEM.md | 2 +-
 1 file changed, 1 insertion(+), 1 deletion(-)

commit 74de0def64d7754b83a3c40e91e5c16fcdcec9c5
Author: mrmeman555 <aaron.reveley65@gmail.com>
Date:   Sun Feb 1 09:54:22 2026 -0600

    feat(netplus): add CTT+ cognitive definitions to brainstorming analysis

 .../RoadmapAnalysis/Brainstorming_Analysis_Strategy.md            | 8 ++++++++
 1 file changed, 8 insertions(+)

commit 39d9b4e80472945b5067442d907efb4a8d2ac7d8
Author: mrmeman555 <aaron.reveley65@gmail.com>
Date:   Sun Feb 1 09:44:36 2026 -0600

    chore(netplus): add pattern analysis note regarding Domain 5.0

 .../RoadmapAnalysis/Brainstorming_Analysis_Strategy.md                   | 1 +
 1 file changed, 1 insertion(+)

commit dc0c2c0c1e4a0af8da18825a0d9bb2056731790b
Author: mrmeman555 <aaron.reveley65@gmail.com>
Date:   Sun Feb 1 09:41:04 2026 -0600

    chore(netplus): clear notes column in objective mapping

 .../Brainstorming_Analysis_Strategy.md             | 50 +++++++++++-----------
 1 file changed, 25 insertions(+), 25 deletions(-)

commit 9f548a6c67dc7819a0e8368cab74f1ad2334d383
Author: mrmeman555 <aaron.reveley65@gmail.com>
Date:   Sun Feb 1 09:37:51 2026 -0600

    feat(netplus): populate objective mapping with cognitive levels

 .../Brainstorming_Analysis_Strategy.md             | 51 +++++++++++++++-------
 1 file changed, 35 insertions(+), 16 deletions(-)

commit dfdeaa303696547cb4260a575feed9347517f5c3
Author: mrmeman555 <aaron.reveley65@gmail.com>
Date:   Sun Feb 1 09:12:46 2026 -0600

    feat(netplus): init analysis brainstorming file and link in PROBLEM.md

 Projects/Working0/Active/Sprint_NetPlus/PROBLEM.md |  3 +-
 .../Brainstorming_Analysis_Strategy.md             | 41 ++++++++++++++++++++++
 2 files changed, 43 insertions(+), 1 deletion(-)

commit f6ec8060bf2242da10fc15710664295ac5455146
Author: mrmeman555 <aaron.reveley65@gmail.com>
Date:   Sat Jan 31 22:01:59 2026 -0600

    fix(netplus): align Level 3 verbs in PROBLEM.md with Protocol Document

 Projects/Working0/Active/Sprint_NetPlus/PROBLEM.md | 2 +-
 1 file changed, 1 insertion(+), 1 deletion(-)

commit c818bae89b7e61b9cae4a325c067f44b595a1d27
Author: mrmeman555 <aaron.reveley65@gmail.com>
Date:   Sat Jan 31 21:57:53 2026 -0600

    fix(netplus): align PROBLEM.md with Verb Cipher Protocol (Level 3)

 Projects/Working0/Active/Sprint_NetPlus/PROBLEM.md | 16 +++++++++++-----
 1 file changed, 11 insertions(+), 5 deletions(-)

commit c04425fc8bd7578c738297c06951cbda97d883be
Author: mrmeman555 <aaron.reveley65@gmail.com>
Date:   Sat Jan 31 21:53:07 2026 -0600

    chore(netplus): link Protocol Document in PROBLEM.md

 Projects/Working0/Active/Sprint_NetPlus/PROBLEM.md | 5 ++++-
 1 file changed, 4 insertions(+), 1 deletion(-)

commit 41e10035fe9617ee01aa2f8b4471c88b18c19076
Author: mrmeman555 <aaron.reveley65@gmail.com>
Date:   Sat Jan 31 21:50:17 2026 -0600

    feat(netplus): add Verb Cipher Protocol document

 .../RoadmapAnalysis/01_Protocol_The_Verb_Cipher.md | 71 ++++++++++++++++++++++
 1 file changed, 71 insertions(+)

commit 91203f723dceedc2d44c33e93387d8e4fa6f6703
Author: mrmeman555 <aaron.reveley65@gmail.com>
Date:   Sat Jan 31 21:45:28 2026 -0600

    feat(netplus): create RoadmapAnalysis folder and update problem file

 Projects/Working0/Active/Sprint_NetPlus/PROBLEM.md | 6 ++++--
 1 file changed, 4 insertions(+), 2 deletions(-)

commit 45dba77be4c0275de5d75d7ccd2e93f534250054
Author: mrmeman555 <aaron.reveley65@gmail.com>
Date:   Sat Jan 31 21:22:53 2026 -0600

    feat(netplus): add CTT+ materials (screenshots and compiled PDF)

 Projects/Working0/Active/Sprint_NetPlus/PROBLEM.md    |   2 ++
 .../Materials/CTT/CTT_Reference_Materials.pdf         | Bin 0 -> 1253219 bytes
 .../CTT/Screenshot from 2026-01-31 21-17-19.png       | Bin 0 -> 156019 bytes
 .../CTT/Screenshot from 2026-01-31 21-17-25.png       | Bin 0 -> 155611 bytes
 .../CTT/Screenshot from 2026-01-31 21-17-40.png       | Bin 0 -> 159583 bytes
 .../CTT/Screenshot from 2026-01-31 21-17-46.png       | Bin 0 -> 150402 bytes
 .../CTT/Screenshot from 2026-01-31 21-17-51.png       | Bin 0 -> 165853 bytes
 .../CTT/Screenshot from 2026-01-31 21-17-57.png       | Bin 0 -> 146863 bytes
 .../CTT/Screenshot from 2026-01-31 21-18-03.png       | Bin 0 -> 194692 bytes
 .../CTT/Screenshot from 2026-01-31 21-18-08.png       | Bin 0 -> 144529 bytes
 .../CTT/Screenshot from 2026-01-31 21-18-14.png       | Bin 0 -> 143562 bytes
 .../CTT/Screenshot from 2026-01-31 21-18-51.png       | Bin 0 -> 81079 bytes
 12 files changed, 2 insertions(+)

commit 65a7ccfdefe588a769b8efb20899ebff8348ad79
Author: mrmeman555 <aaron.reveley65@gmail.com>
Date:   Sat Jan 31 21:13:13 2026 -0600

    refactor(netplus): reorganize materials into Phase 1 folder and add CTT+ task

 Projects/Working0/Active/Sprint_NetPlus/PROBLEM.md |  47 +++++++--------------
 .../Appendices/Appendix_A_Exam_Objectives.pdf      | Bin
 .../Extracted/Appendices/Appendix_B_Subnets.pdf    | Bin
 .../Appendices/Appendix_C_Practice_Exam.pdf        | Bin
 .../Extracted/Appendices/Appendix_D_Rubric.pdf     | Bin
 .../Chapter_Reviews/Chapter_10_Review.pdf          | Bin
 .../Chapter_Reviews/Chapter_11_Review.pdf          | Bin
 .../Chapter_Reviews/Chapter_12_Review.pdf          | Bin
 .../Extracted/Chapter_Reviews/Chapter_1_Review.pdf | Bin
 .../Extracted/Chapter_Reviews/Chapter_2_Review.pdf | Bin
 .../Extracted/Chapter_Reviews/Chapter_3_Review.pdf | Bin
 .../Extracted/Chapter_Reviews/Chapter_4_Review.pdf | Bin
 .../Extracted/Chapter_Reviews/Chapter_5_Review.pdf | Bin
 .../Extracted/Chapter_Reviews/Chapter_6_Review.pdf | Bin
 .../Extracted/Chapter_Reviews/Chapter_7_Review.pdf | Bin
 .../Extracted/Chapter_Reviews/Chapter_8_Review.pdf | Bin
 .../Extracted/Chapter_Reviews/Chapter_9_Review.pdf | Bin
 .../Materials}/Cengage_Materials/NetPlusBook.pdf   | Bin
 .../Cengage_Materials/Tools/extract_reviews.py     |   0
 .../Materials}/Cengage_Materials/Tools/list_toc.py |   0
 .../Cengage_Materials/Tools/slice_pdf.py           |   0
 .../Materials}/Cengage_Materials/Tools/toc.txt     |   0
 .../Packt_Materials/N10-009_Certification_Guide    |   0
 .../Packt_Materials/N10-009_Total_Course           |   0
 24 files changed, 16 insertions(+), 31 deletions(-)

commit 0fa29b0721ad60a59613bf4cf0ee49fa0588ee84
Author: mrmeman555 <aaron.reveley65@gmail.com>
Date:   Sat Jan 31 19:32:17 2026 -0600

    Sprint_NetPlus: Extracted Cengage materials, added tools, and updated harvest strategy

 .../Appendices/Appendix_A_Exam_Objectives.pdf      | Bin 0 -> 238798 bytes
 .../Extracted/Appendices/Appendix_B_Subnets.pdf    | Bin 0 -> 436060 bytes
 .../Appendices/Appendix_C_Practice_Exam.pdf        | Bin 0 -> 561378 bytes
 .../Extracted/Appendices/Appendix_D_Rubric.pdf     | Bin 0 -> 222840 bytes
 .../Chapter_Reviews/Chapter_10_Review.pdf          | Bin 0 -> 562310 bytes
 .../Chapter_Reviews/Chapter_11_Review.pdf          | Bin 0 -> 671570 bytes
 .../Chapter_Reviews/Chapter_12_Review.pdf          | Bin 0 -> 1110530 bytes
 .../Extracted/Chapter_Reviews/Chapter_1_Review.pdf | Bin 0 -> 646257 bytes
 .../Extracted/Chapter_Reviews/Chapter_2_Review.pdf | Bin 0 -> 2131681 bytes
 .../Extracted/Chapter_Reviews/Chapter_3_Review.pdf | Bin 0 -> 496591 bytes
 .../Extracted/Chapter_Reviews/Chapter_4_Review.pdf | Bin 0 -> 586688 bytes
 .../Extracted/Chapter_Reviews/Chapter_5_Review.pdf | Bin 0 -> 732706 bytes
 .../Extracted/Chapter_Reviews/Chapter_6_Review.pdf | Bin 0 -> 613129 bytes
 .../Extracted/Chapter_Reviews/Chapter_7_Review.pdf | Bin 0 -> 604714 bytes
 .../Extracted/Chapter_Reviews/Chapter_8_Review.pdf | Bin 0 -> 1328043 bytes
 .../Extracted/Chapter_Reviews/Chapter_9_Review.pdf | Bin 0 -> 729127 bytes
 .../Cengage_Materials/NetPlusBook.pdf              | Bin 0 -> 39919224 bytes
 .../Cengage_Materials/Tools/extract_reviews.py     |  40 +++
 .../Cengage_Materials/Tools/list_toc.py            |  32 ++
 .../Cengage_Materials/Tools/slice_pdf.py           |  66 ++++
 .../Sprint_NetPlus/Cengage_Materials/Tools/toc.txt | 358 +++++++++++++++++++++
 Projects/Working0/Active/Sprint_NetPlus/PROBLEM.md |  55 +++-
 22 files changed, 546 insertions(+), 5 deletions(-)

commit 817a6cf9be26073dec0d3d534551f967bc263757
Author: mrmeman555 <aaron.reveley65@gmail.com>
Date:   Sat Jan 31 17:03:32 2026 -0600

    Projects/Working0: Sprint updates (NetPlus, GeminiFlow, Upwork, Mobile-Repo)

 Projects/Working0/Active/Sprint_NetPlus/PROBLEM.md | 22 ++++++++++++++++++++++
 .../Packt_Materials/N10-009_Certification_Guide    |  1 +
 .../Packt_Materials/N10-009_Total_Course           |  1 +
 3 files changed, 24 insertions(+)
