2ffead1fcac70846b7cc60bd6ec6f2cbda5a3abf | 2026-02-06T00:34:29-06:00 | PRE-ARCHIVIST STATE CAPTURE: Full workspace state before Case Study Archivist execution
094d6a75dd6b345bfab855e395fcf982000742a2 | 2026-02-04T22:25:37-06:00 | Checkpoint: Working Control Surface and Task Engine (v1.0)
892985ebb37f74d742c17c2b9d2c91a5c4882724 | 2026-02-01T16:29:14-06:00 | Workspace: Sync Net+ Refactor, New PoE/Gigwork Sprints, and Protocol Updates
36b2c5e82487cede24042b7d4cb062fe4975dd60 | 2026-02-01T15:18:20-06:00 | Fix bugs in bridge script and review extractor
db9a189440d11bd482184cc6b5f32e70467194d8 | 2026-02-01T12:02:35-06:00 | fix(netplus): correct path to slice_pdf.py in review extractor script
83eb61d188f6319dc85f7c37b915a08551fb0905 | 2026-02-01T11:59:44-06:00 | feat(netplus): init objective architecture brainstorming file
7b11e4826c21deaf78bacf0cb6cf6340660b30d3 | 2026-02-01T11:18:54-06:00 | feat(netplus): add question bank analysis task to roadmap
7bdbe53e846544896ff8c60c456a7e474028ba01 | 2026-02-01T11:16:30-06:00 | chore(netplus): mark CTT+ methodology task as complete
6cc4d6fc0f5f86992c7e0c85ccc3594791fc811b | 2026-02-01T11:11:35-06:00 | refactor(netplus): streamline PROBLEM.md with new analysis strategies
a3f9cc69b37cd7135b360f58bb6ac956396a036a | 2026-02-01T10:59:38-06:00 | feat(netplus): document Dynamic Lens Inference strategy
30cc00c2c4c21e079df4a42b3f8edd26cc55986d | 2026-02-01T10:51:10-06:00 | feat(netplus): update extraction strategy example with concrete matrix
56922691f1ca721a4b606c561bcb7235b4af4d94 | 2026-02-01T10:49:09-06:00 | feat(netplus): add Faceted Knowledge Matrix strategy to brainstorming
c94ab184d74bef0cd99d01eb70c70ae21c4a1116 | 2026-02-01T10:42:39-06:00 | feat(netplus): add Objective-Centric Extraction strategy to brainstorming
029d8680d979c74a07a2750e4596930100f7c81e | 2026-02-01T10:01:16-06:00 | fix(netplus): align Level 2 verbs in PROBLEM.md with Protocol Document
74de0def64d7754b83a3c40e91e5c16fcdcec9c5 | 2026-02-01T09:54:22-06:00 | feat(netplus): add CTT+ cognitive definitions to brainstorming analysis
39d9b4e80472945b5067442d907efb4a8d2ac7d8 | 2026-02-01T09:44:36-06:00 | chore(netplus): add pattern analysis note regarding Domain 5.0
dc0c2c0c1e4a0af8da18825a0d9bb2056731790b | 2026-02-01T09:41:04-06:00 | chore(netplus): clear notes column in objective mapping
9f548a6c67dc7819a0e8368cab74f1ad2334d383 | 2026-02-01T09:37:51-06:00 | feat(netplus): populate objective mapping with cognitive levels
dfdeaa303696547cb4260a575feed9347517f5c3 | 2026-02-01T09:12:46-06:00 | feat(netplus): init analysis brainstorming file and link in PROBLEM.md
f6ec8060bf2242da10fc15710664295ac5455146 | 2026-01-31T22:01:59-06:00 | fix(netplus): align Level 3 verbs in PROBLEM.md with Protocol Document
c818bae89b7e61b9cae4a325c067f44b595a1d27 | 2026-01-31T21:57:53-06:00 | fix(netplus): align PROBLEM.md with Verb Cipher Protocol (Level 3)
c04425fc8bd7578c738297c06951cbda97d883be | 2026-01-31T21:53:07-06:00 | chore(netplus): link Protocol Document in PROBLEM.md
41e10035fe9617ee01aa2f8b4471c88b18c19076 | 2026-01-31T21:50:17-06:00 | feat(netplus): add Verb Cipher Protocol document
91203f723dceedc2d44c33e93387d8e4fa6f6703 | 2026-01-31T21:45:28-06:00 | feat(netplus): create RoadmapAnalysis folder and update problem file
45dba77be4c0275de5d75d7ccd2e93f534250054 | 2026-01-31T21:22:53-06:00 | feat(netplus): add CTT+ materials (screenshots and compiled PDF)
65a7ccfdefe588a769b8efb20899ebff8348ad79 | 2026-01-31T21:13:13-06:00 | refactor(netplus): reorganize materials into Phase 1 folder and add CTT+ task
0fa29b0721ad60a59613bf4cf0ee49fa0588ee84 | 2026-01-31T19:32:17-06:00 | Sprint_NetPlus: Extracted Cengage materials, added tools, and updated harvest strategy
817a6cf9be26073dec0d3d534551f967bc263757 | 2026-01-31T17:03:32-06:00 | Projects/Working0: Sprint updates (NetPlus, GeminiFlow, Upwork, Mobile-Repo)
